[0829/233709:ERROR:process_info.cc(103)] ReadProcessMemory bool __cdecl crashpad::`anonymous-namespace'::ReadStruct<struct crashpad::process_types::LDR_DATA_TABLE_ENTRY<struct crashpad::process_types::internal::Traits64>>(void *,unsigned __int64,struct crashpad::process_types::LDR_DATA_TABLE_ENTRY<struct crashpad::process_types::internal::Traits64> *): Only part of a ReadProcessMemory or WriteProcessMemory request was completed. (0x12B)
[0829/233709:ERROR:process_info.cc(330)] VirtualQueryEx: Access is denied. (0x5)
[0829/233709:ERROR:process_info.cc(547)] ReadMemoryInfo failed
[0829/233709:ERROR:process_info.cc(608)] range at 0x7ff6db0ab000, size 0x354 fully unreadable
[0829/233709:ERROR:process_reader_win.cc(233)] ReadMemory at 0x7ff6db0ab000 of 852 bytes failed: Only part of a ReadProcessMemory or WriteProcessMemory request was completed. (0x12B)
[0829/233709:ERROR:process_snapshot_win.cc(359)] ReadMemory PEB
[0829/233709:ERROR:process_reader_win.cc(233)] ReadMemory at 0x7ff6db4b0000 of 64 bytes failed: Only part of a ReadProcessMemory or WriteProcessMemory request was completed. (0x12B)
[0829/233709:WARNING:pe_image_reader.cc(281)] could not read dos header from C:\Program Files (x86)\Google\Chrome\Application\chrome.exe
[0829/233709:ERROR:process_reader_win.cc(233)] ReadMemory at 0x7ff93feb0000 of 64 bytes failed: Only part of a ReadProcessMemory or WriteProcessMemory request was completed. (0x12B)
[0829/233709:WARNING:pe_image_reader.cc(281)] could not read dos header from C:\Windows\SYSTEM32\ntdll.dll
[0829/233709:ERROR:process_reader_win.cc(233)] ReadMemory at 0x7ff93ffe14a0 of 6656 bytes failed: Only part of a ReadProcessMemory or WriteProcessMemory request was completed. (0x12B)
[0829/233709:ERROR:process_reader_win.cc(233)] ReadMemory at 0x7ff6db4b0000 of 64 bytes failed: Only part of a ReadProcessMemory or WriteProcessMemory request was completed. (0x12B)
[0829/233709:WARNING:pe_image_reader.cc(281)] could not read dos header from C:\Program Files (x86)\Google\Chrome\Application\chrome.exe
[0829/233709:ERROR:process_reader_win.cc(233)] ReadMemory at 0x7ff93feb0000 of 64 bytes failed: Only part of a ReadProcessMemory or WriteProcessMemory request was completed. (0x12B)
[0829/233709:WARNING:pe_image_reader.cc(281)] could not read dos header from C:\Windows\SYSTEM32\ntdll.dll
[0829/233709:ERROR:process_reader_win.cc(99)] process 1600 not found
[0829/233709:ERROR:process_reader_win.cc(233)] ReadMemory at 0x7ff6db4b0000 of 64 bytes failed: Only part of a ReadProcessMemory or WriteProcessMemory request was completed. (0x12B)
[0829/233709:WARNING:pe_image_reader.cc(281)] could not read dos header from C:\Program Files (x86)\Google\Chrome\Application\chrome.exe
[0829/233709:ERROR:process_reader_win.cc(233)] ReadMemory at 0x7ff93feb0000 of 64 bytes failed: Only part of a ReadProcessMemory or WriteProcessMemory request was completed. (0x12B)
[0829/233709:WARNING:pe_image_reader.cc(281)] could not read dos header from C:\Windows\SYSTEM32\ntdll.dll
[0829/233709:ERROR:process_reader_win.cc(233)] ReadMemory at 0x7ff6db599170 of 12 bytes failed: Only part of a ReadProcessMemory or WriteProcessMemory request was completed. (0x12B)
[0829/233709:WARNING:process_snapshot_win.cc(104)] ReadMemory ExceptionInformation failed
[0829/233709:WARNING:crash_report_exception_handler.cc(60)] ProcessSnapshotWin::InitializeException failed
[0829/233709:ERROR:scoped_process_suspend.cc(38)] NtResumeProcess, ntstatus=-1073741558
